<?xml version="1.0" encoding="UTF-8"?>
<!-- Generated by org.testng.reporters.JUnitReportReporter -->
<testsuite hostname="DESKTOP-3NM67P2" failures="0" tests="1" name="GroupsTest.GroupTest1" time="0.002" errors="0" timestamp="2021-09-08T15:27:23 IST" skipped="0">
  <testcase classname="GroupsTest.GroupTest1" name="mainTest1" time="0.002"/>
  <system-out/>
</testsuite> <!-- GroupsTest.GroupTest1 -->
