<?xml version="1.0" encoding="UTF-8"?>
<!-- Generated by org.testng.reporters.JUnitReportReporter -->
<testsuite hostname="DESKTOP-3NM67P2" failures="0" tests="2" name="GroupTest2.GroupTest2" time="0.037" errors="0" timestamp="2021-09-08T15:27:23 IST" skipped="0">
  <testcase classname="GroupTest2.GroupTest2" name="mainTest1" time="0.009"/>
  <system-out/>
  <testcase classname="GroupTest2.GroupTest2" name="mainTest2" time="0.028"/>
  <system-out/>
</testsuite> <!-- GroupTest2.GroupTest2 -->
