<?xml version="1.0" encoding="UTF-8"?>
<!-- Generated by org.testng.reporters.JUnitReportReporter -->
<testsuite hostname="DESKTOP-3NM67P2" failures="0" tests="1" name="GroupTest2.GroupTest2" time="0.002" errors="0" timestamp="2021-09-07T18:46:13 IST" skipped="0">
  <testcase classname="GroupTest2.GroupTest2" name="mainTest" time="0.002"/>
  <system-out/>
</testsuite> <!-- GroupTest2.GroupTest2 -->
