<?xml version="1.0" encoding="UTF-8"?>
<!-- Generated by org.testng.reporters.JUnitReportReporter -->
<testsuite hostname="DESKTOP-3NM67P2" failures="0" tests="2" name="Group.Group" time="0.020" errors="0" timestamp="2021-09-08T15:27:23 IST" skipped="0">
  <testcase classname="Group.Group" name="mainTest" time="0.019"/>
  <system-out/>
  <testcase classname="Group.Group" name="mainTest1" time="0.001"/>
  <system-out/>
</testsuite> <!-- Group.Group -->
