<?xml version="1.0" encoding="UTF-8"?>
<!-- Generated by org.testng.reporters.JUnitReportReporter -->
<testsuite hostname="DESKTOP-3NM67P2" failures="0" tests="2" name="GroupsTest.GroupTest1" time="0.005" errors="0" timestamp="2021-09-07T18:40:54 IST" skipped="0">
  <testcase classname="GroupsTest.GroupTest1" name="mainTest1" time="0.003"/>
  <system-out/>
  <testcase classname="GroupsTest.GroupTest1" name="mainTest" time="0.002"/>
  <system-out/>
</testsuite> <!-- GroupsTest.GroupTest1 -->
