<?xml version="1.0" encoding="UTF-8"?>
<!-- Generated by org.testng.reporters.JUnitReportReporter -->
<testsuite skipped="0" hostname="DESKTOP-3NM67P2" name="Group.Group" tests="2" failures="0" timestamp="2021-09-07T19:32:43 IST" time="0.011" errors="0">
  <testcase name="mainTest1" time="0.001" classname="Group.Group"/>
  <system-out/>
  <testcase name="mainTest" time="0.010" classname="Group.Group"/>
  <system-out/>
</testsuite> <!-- Group.Group -->
