<?xml version="1.0" encoding="UTF-8"?>
<!-- Generated by org.testng.reporters.JUnitReportReporter -->
<testsuite skipped="0" hostname="DESKTOP-3NM67P2" name="GroupTest2.GroupTest2" tests="1" failures="0" timestamp="2021-09-07T19:32:43 IST" time="0.000" errors="0">
  <testcase name="mainTest" time="0.000" classname="GroupTest2.GroupTest2"/>
  <system-out/>
</testsuite> <!-- GroupTest2.GroupTest2 -->
